<?xml version="1.0" encoding="UTF-8"?>
<!-- Generated by org.testng.reporters.JUnitXMLReporter -->
<testsuite hostname="DamianoKomp" name="pl.damian.*" tests="7" failures="1" timestamp="11 Jun 2017 16:12:47 GMT" time="0.046" errors="0">
  <testcase name="shouldGetTextBetweenTag" time="0.024" classname="pl.damian.TestModeTest"/>
  <testcase name="shouldMultiply" time="0.001" classname="pl.damian.TestModeTest"/>
  <testcase name="shouldRemoveTag" time="0.001" classname="pl.damian.TestModeTest"/>
  <testcase name="shouldReplaceLoop" time="0.005" classname="pl.damian.TestModeTest">
    <failure type="java.lang.AssertionError" message="
Expecting:
 &amp;lt;&amp;quot;This is very damn so fantastic !is pretty much damn so noice !is kind of damn so incredible ! !! hehe&amp;quot;&amp;gt;
to be equal to:
 &amp;lt;&amp;quot;This is very damn so fantastic !is pretty much damn so noice !is kind of damn so incredible !  !! hehe&amp;quot;&amp;gt;
but was not.">
      <![CDATA[java.lang.AssertionError: 
Expecting:
 <"This is very damn so fantastic !is pretty much damn so noice !is kind of damn so incredible ! !! hehe">
to be equal to:
 <"This is very damn so fantastic !is pretty much damn so noice !is kind of damn so incredible !  !! hehe">
but was not.
	at pl.damian.TestModeTest.shouldReplaceLoop(TestModeTest.java:112)
	at sun.reflect.NativeMethodAccessorImpl.invoke0(Native Method)
	at sun.reflect.NativeMethodAccessorImpl.invoke(Unknown Source)
	at sun.reflect.DelegatingMethodAccessorImpl.invoke(Unknown Source)
	at java.lang.reflect.Method.invoke(Unknown Source)
	at org.testng.internal.MethodInvocationHelper.invokeMethod(MethodInvocationHelper.java:80)
	at org.testng.internal.Invoker.invokeMethod(Invoker.java:702)
	at org.testng.internal.Invoker.invokeTestMethod(Invoker.java:894)
	at org.testng.internal.Invoker.invokeTestMethods(Invoker.java:1219)
	at org.testng.internal.TestMethodWorker.invokeTestMethods(TestMethodWorker.java:127)
	at org.testng.internal.TestMethodWorker.run(TestMethodWorker.java:111)
	at org.testng.TestRunner.privateRun(TestRunner.java:768)
	at org.testng.TestRunner.run(TestRunner.java:617)
	at org.testng.SuiteRunner.runTest(SuiteRunner.java:334)
	at org.testng.SuiteRunner.runSequentially(SuiteRunner.java:329)
	at org.testng.SuiteRunner.privateRun(SuiteRunner.java:291)
	at org.testng.SuiteRunner.run(SuiteRunner.java:240)
	at org.testng.SuiteRunnerWorker.runSuite(SuiteRunnerWorker.java:53)
	at org.testng.SuiteRunnerWorker.run(SuiteRunnerWorker.java:87)
	at org.testng.TestNG.runSuitesSequentially(TestNG.java:1188)
	at org.testng.TestNG.runSuitesLocally(TestNG.java:1113)
	at org.testng.TestNG.run(TestNG.java:1025)
	at org.testng.remote.AbstractRemoteTestNG.run(AbstractRemoteTestNG.java:132)
	at org.testng.remote.RemoteTestNG.initAndRun(RemoteTestNG.java:230)
	at org.testng.remote.RemoteTestNG.main(RemoteTestNG.java:76)
]]>
    </failure>
  </testcase> <!-- shouldReplaceLoop -->
  <testcase name="shouldReplaceText" time="0.0" classname="pl.damian.TestModeTest"/>
  <testcase name="shouldReplaceText2" time="0.0" classname="pl.damian.TestModeTest"/>
  <testcase name="shouldReplaceTextWithArray" time="0.001" classname="pl.damian.TestModeTest"/>
</testsuite> <!-- pl.damian.* -->
